<?xml version="1.0" encoding="UTF-8"?>
<testsuite name="com.stickyio.shoppingservice.ShoppingServiceApplicationTests" tests="1" skipped="0" failures="0" errors="0" timestamp="2023-08-13T13:14:13" hostname="talenticaadmins-MacBook-Pro.local" time="0.359">
  <properties/>
  <testcase name="contextLoads()" classname="com.stickyio.shoppingservice.ShoppingServiceApplicationTests" time="0.359"/>
  <system-out><![CDATA[18:44:11.851 [Test worker] INFO org.springframework.test.context.support.AnnotationConfigContextLoaderUtils -- Could not detect default configuration classes for test class [com.stickyio.shoppingservice.ShoppingServiceApplicationTests]: ShoppingServiceApplicationTests does not declare any static, non-private, non-final, nested classes annotated with @Configuration.
18:44:11.890 [Test worker] INFO org.springframework.boot.test.context.SpringBootTestContextBootstrapper -- Found @SpringBootConfiguration com.stickyio.shoppingservice.ShoppingServiceApplication for test class com.stickyio.shoppingservice.ShoppingServiceApplicationTests

  .   ____          _            __ _ _
 /\\ / ___'_ __ _ _(_)_ __  __ _ \ \ \ \
( ( )\___ | '_ | '_| | '_ \/ _` | \ \ \ \
 \\/  ___)| |_)| | | | | || (_| |  ) ) ) )
  '  |____| .__|_| |_|_| |_\__, | / / / /
 =========|_|==============|___/=/_/_/_/
 :: Spring Boot ::                (v3.1.2)

2023-08-13T18:44:12.044+05:30  INFO 59041 --- [    Test worker] c.s.s.ShoppingServiceApplicationTests    : Starting ShoppingServiceApplicationTests using Java 17.0.8 with PID 59041 (started by deependrav-talentica in /Users/deependrav-talentica/Projects/StickyioAssignment/ShoppingService)
2023-08-13T18:44:12.044+05:30  INFO 59041 --- [    Test worker] c.s.s.ShoppingServiceApplicationTests    : No active profile set, falling back to 1 default profile: "default"
2023-08-13T18:44:12.291+05:30  INFO 59041 --- [    Test worker] .s.d.r.c.RepositoryConfigurationDelegate : Bootstrapping Spring Data JPA repositories in DEFAULT mode.
2023-08-13T18:44:12.299+05:30  INFO 59041 --- [    Test worker] .s.d.r.c.RepositoryConfigurationDelegate : Finished Spring Data repository scanning in 5 ms. Found 0 JPA repository interfaces.
2023-08-13T18:44:12.499+05:30  INFO 59041 --- [    Test worker] o.hibernate.jpa.internal.util.LogHelper  : HHH000204: Processing PersistenceUnitInfo [name: default]
2023-08-13T18:44:12.518+05:30  INFO 59041 --- [    Test worker] org.hibernate.Version                    : HHH000412: Hibernate ORM core version 6.2.6.Final
2023-08-13T18:44:12.519+05:30  INFO 59041 --- [    Test worker] org.hibernate.cfg.Environment            : HHH000406: Using bytecode reflection optimizer
2023-08-13T18:44:12.572+05:30  INFO 59041 --- [    Test worker] o.h.b.i.BytecodeProviderInitiator        : HHH000021: Bytecode provider name : bytebuddy
2023-08-13T18:44:12.622+05:30  INFO 59041 --- [    Test worker] o.s.o.j.p.SpringPersistenceUnitInfo      : No LoadTimeWeaver setup: ignoring JPA class transformer
2023-08-13T18:44:12.630+05:30  INFO 59041 --- [    Test worker] com.zaxxer.hikari.HikariDataSource       : HikariPool-1 - Starting...
2023-08-13T18:44:12.715+05:30  INFO 59041 --- [    Test worker] com.zaxxer.hikari.pool.HikariPool        : HikariPool-1 - Added connection org.postgresql.jdbc.PgConnection@3ec9f8d
2023-08-13T18:44:12.731+05:30  INFO 59041 --- [    Test worker] com.zaxxer.hikari.HikariDataSource       : HikariPool-1 - Start completed.
2023-08-13T18:44:12.796+05:30  INFO 59041 --- [    Test worker] o.h.b.i.BytecodeProviderInitiator        : HHH000021: Bytecode provider name : bytebuddy
2023-08-13T18:44:12.890+05:30  INFO 59041 --- [    Test worker] o.h.e.t.j.p.i.JtaPlatformInitiator       : HHH000490: Using JtaPlatform implementation: [org.hibernate.engine.transaction.jta.platform.internal.NoJtaPlatform]
2023-08-13T18:44:12.893+05:30  INFO 59041 --- [    Test worker] j.LocalContainerEntityManagerFactoryBean : Initialized JPA EntityManagerFactory for persistence unit 'default'
2023-08-13T18:44:12.999+05:30  WARN 59041 --- [    Test worker] JpaBaseConfiguration$JpaWebConfiguration : spring.jpa.open-in-view is enabled by default. Therefore, database queries may be performed during view rendering. Explicitly configure spring.jpa.open-in-view to disable this warning
2023-08-13T18:44:13.215+05:30  INFO 59041 --- [    Test worker] c.s.s.ShoppingServiceApplicationTests    : Started ShoppingServiceApplicationTests in 1.27 seconds (process running for 1.758)
]]></system-out>
  <system-err><![CDATA[]]></system-err>
</testsuite>
